
> shuttle-user-demo@0.1.0 start /home/bigdata/dohyun/shuttle-user-demo
> react-scripts start

[34mℹ[39m [90m｢wds｣[39m: Project is running at http://0.0.0.0:3000/
[34mℹ[39m [90m｢wds｣[39m: webpack output is served from 
[34mℹ[39m [90m｢wds｣[39m: Content not from webpack is served from /home/bigdata/dohyun/shuttle-user-demo/public
[34mℹ[39m [90m｢wds｣[39m: 404s will fallback to /
Starting the development server...


> shuttle-user-demo@0.1.0 start /home/bigdata/dohyun/shuttle-user-demo
> react-scripts start

[34mℹ[39m [90m｢wds｣[39m: Project is running at http://0.0.0.0:3000/
[34mℹ[39m [90m｢wds｣[39m: webpack output is served from 
[34mℹ[39m [90m｢wds｣[39m: Content not from webpack is served from /home/bigdata/dohyun/shuttle-user-demo/public
[34mℹ[39m [90m｢wds｣[39m: 404s will fallback to /
Starting the development server...

Compiled with warnings.

src/App.js
  Line 31:13:  'user' is assigned a value but never used  no-unused-vars
  Line 34:25:  Expected '===' and instead saw '=='        eqeqeq
  Line 39:30:  Expected '===' and instead saw '=='        eqeqeq
  Line 49:16:  Expected '!==' and instead saw '!='        eqeqeq
  Line 49:28:  Expected '!==' and instead saw '!='        eqeqeq

Search for the keywords to learn more about each warning.
To ignore, add // eslint-disable-next-line to the line before.


> shuttle-user-demo@0.1.0 start /home/bigdata/dohyun/shuttle-user-demo
> react-scripts start

[34mℹ[39m [90m｢wds｣[39m: Project is running at http://0.0.0.0:3000/
[34mℹ[39m [90m｢wds｣[39m: webpack output is served from 
[34mℹ[39m [90m｢wds｣[39m: Content not from webpack is served from /home/bigdata/dohyun/shuttle-user-demo/public
[34mℹ[39m [90m｢wds｣[39m: 404s will fallback to /
Starting the development server...

Compiled with warnings.

src/App.js
  Line 31:13:  'user' is assigned a value but never used  no-unused-vars
  Line 34:25:  Expected '===' and instead saw '=='        eqeqeq
  Line 39:30:  Expected '===' and instead saw '=='        eqeqeq
  Line 49:16:  Expected '!==' and instead saw '!='        eqeqeq
  Line 49:28:  Expected '!==' and instead saw '!='        eqeqeq

Search for the keywords to learn more about each warning.
To ignore, add // eslint-disable-next-line to the line before.

Compiling...
Compiled with warnings.

src/App.js
  Line 31:13:  'user' is assigned a value but never used  no-unused-vars
  Line 34:25:  Expected '===' and instead saw '=='        eqeqeq
  Line 39:30:  Expected '===' and instead saw '=='        eqeqeq
  Line 49:16:  Expected '!==' and instead saw '!='        eqeqeq
  Line 49:28:  Expected '!==' and instead saw '!='        eqeqeq

Search for the keywords to learn more about each warning.
To ignore, add // eslint-disable-next-line to the line before.

Compiling...
Compiled with warnings.

src/App.js
  Line 31:13:  'user' is assigned a value but never used  no-unused-vars
  Line 34:25:  Expected '===' and instead saw '=='        eqeqeq
  Line 39:30:  Expected '===' and instead saw '=='        eqeqeq
  Line 49:16:  Expected '!==' and instead saw '!='        eqeqeq
  Line 49:28:  Expected '!==' and instead saw '!='        eqeqeq

Search for the keywords to learn more about each warning.
To ignore, add // eslint-disable-next-line to the line before.

Compiling...
Failed to compile.

src/App.js
Syntax error: Unexpected token, expected "..." (87:16)

  85 |               position={{ lat: lat, lng: lon }}
  86 |
> 87 |               {this.state.}
     |                ^
  88 |               //onClick={() => {setLat(36.7672084337826); setLon(126.9381987088473);}}
  89 |             />
  90 |           </NaverMap>
Compiling...
Compiled with warnings.

src/App.js
  Line 31:13:  'user' is assigned a value but never used  no-unused-vars
  Line 34:25:  Expected '===' and instead saw '=='        eqeqeq
  Line 39:30:  Expected '===' and instead saw '=='        eqeqeq
  Line 49:16:  Expected '!==' and instead saw '!='        eqeqeq
  Line 49:28:  Expected '!==' and instead saw '!='        eqeqeq

Search for the keywords to learn more about each warning.
To ignore, add // eslint-disable-next-line to the line before.

Compiling...
Compiled with warnings.

src/App.js
  Line 31:13:   'user' is assigned a value but never used                               no-unused-vars
  Line 34:25:   Expected '===' and instead saw '=='                                     eqeqeq
  Line 39:30:   Expected '===' and instead saw '=='                                     eqeqeq
  Line 49:16:   Expected '!==' and instead saw '!='                                     eqeqeq
  Line 49:28:   Expected '!==' and instead saw '!='                                     eqeqeq
  Line 101:32:  Comments inside children section of tag should be placed inside braces  react/jsx-no-comment-textnodes

Search for the keywords to learn more about each warning.
To ignore, add // eslint-disable-next-line to the line before.

Compiling...
Compiled with warnings.

src/App.js
  Line 31:13:   'user' is assigned a value but never used                               no-unused-vars
  Line 34:25:   Expected '===' and instead saw '=='                                     eqeqeq
  Line 39:30:   Expected '===' and instead saw '=='                                     eqeqeq
  Line 49:16:   Expected '!==' and instead saw '!='                                     eqeqeq
  Line 49:28:   Expected '!==' and instead saw '!='                                     eqeqeq
  Line 54:15:   'temp' is assigned a value but never used                               no-unused-vars
  Line 102:32:  Comments inside children section of tag should be placed inside braces  react/jsx-no-comment-textnodes

Search for the keywords to learn more about each warning.
To ignore, add // eslint-disable-next-line to the line before.

Compiling...
Compiled with warnings.

src/App.js
  Line 31:13:   'user' is assigned a value but never used                               no-unused-vars
  Line 34:25:   Expected '===' and instead saw '=='                                     eqeqeq
  Line 39:30:   Expected '===' and instead saw '=='                                     eqeqeq
  Line 49:16:   Expected '!==' and instead saw '!='                                     eqeqeq
  Line 49:28:   Expected '!==' and instead saw '!='                                     eqeqeq
  Line 54:15:   'temp' is assigned a value but never used                               no-unused-vars
  Line 102:32:  Comments inside children section of tag should be placed inside braces  react/jsx-no-comment-textnodes

Search for the keywords to learn more about each warning.
To ignore, add // eslint-disable-next-line to the line before.

Compiling...
Compiled with warnings.

src/App.js
  Line 31:13:   'user' is assigned a value but never used                               no-unused-vars
  Line 34:25:   Expected '===' and instead saw '=='                                     eqeqeq
  Line 39:30:   Expected '===' and instead saw '=='                                     eqeqeq
  Line 49:16:   Expected '!==' and instead saw '!='                                     eqeqeq
  Line 49:28:   Expected '!==' and instead saw '!='                                     eqeqeq
  Line 54:15:   'temp' is assigned a value but never used                               no-unused-vars
  Line 102:32:  Comments inside children section of tag should be placed inside braces  react/jsx-no-comment-textnodes

Search for the keywords to learn more about each warning.
To ignore, add // eslint-disable-next-line to the line before.

Compiling...
Compiled with warnings.

src/App.js
  Line 31:13:   'user' is assigned a value but never used                               no-unused-vars
  Line 34:25:   Expected '===' and instead saw '=='                                     eqeqeq
  Line 39:30:   Expected '===' and instead saw '=='                                     eqeqeq
  Line 49:16:   Expected '!==' and instead saw '!='                                     eqeqeq
  Line 49:28:   Expected '!==' and instead saw '!='                                     eqeqeq
  Line 54:15:   'temp' is assigned a value but never used                               no-unused-vars
  Line 102:32:  Comments inside children section of tag should be placed inside braces  react/jsx-no-comment-textnodes

Search for the keywords to learn more about each warning.
To ignore, add // eslint-disable-next-line to the line before.

Compiling...
Compiled with warnings.

src/App.js
  Line 31:13:   'user' is assigned a value but never used                               no-unused-vars
  Line 34:25:   Expected '===' and instead saw '=='                                     eqeqeq
  Line 39:30:   Expected '===' and instead saw '=='                                     eqeqeq
  Line 49:16:   Expected '!==' and instead saw '!='                                     eqeqeq
  Line 49:28:   Expected '!==' and instead saw '!='                                     eqeqeq
  Line 54:15:   'temp' is assigned a value but never used                               no-unused-vars
  Line 102:32:  Comments inside children section of tag should be placed inside braces  react/jsx-no-comment-textnodes

Search for the keywords to learn more about each warning.
To ignore, add // eslint-disable-next-line to the line before.

Compiling...
Compiled with warnings.

src/App.js
  Line 31:13:  'user' is assigned a value but never used  no-unused-vars
  Line 34:25:  Expected '===' and instead saw '=='        eqeqeq
  Line 39:30:  Expected '===' and instead saw '=='        eqeqeq
  Line 49:16:  Expected '!==' and instead saw '!='        eqeqeq
  Line 49:28:  Expected '!==' and instead saw '!='        eqeqeq
  Line 54:15:  'temp' is assigned a value but never used  no-unused-vars

Search for the keywords to learn more about each warning.
To ignore, add // eslint-disable-next-line to the line before.

Compiling...
Compiled with warnings.

src/App.js
  Line 31:13:  'user' is assigned a value but never used  no-unused-vars
  Line 34:25:  Expected '===' and instead saw '=='        eqeqeq
  Line 39:30:  Expected '===' and instead saw '=='        eqeqeq
  Line 49:16:  Expected '!==' and instead saw '!='        eqeqeq
  Line 49:28:  Expected '!==' and instead saw '!='        eqeqeq
  Line 54:15:  'temp' is assigned a value but never used  no-unused-vars

Search for the keywords to learn more about each warning.
To ignore, add // eslint-disable-next-line to the line before.

Compiling...
Compiled with warnings.

src/App.js
  Line 31:13:  'user' is assigned a value but never used  no-unused-vars
  Line 34:25:  Expected '===' and instead saw '=='        eqeqeq
  Line 39:30:  Expected '===' and instead saw '=='        eqeqeq
  Line 49:16:  Expected '!==' and instead saw '!='        eqeqeq
  Line 49:28:  Expected '!==' and instead saw '!='        eqeqeq
  Line 54:15:  'temp' is assigned a value but never used  no-unused-vars

Search for the keywords to learn more about each warning.
To ignore, add // eslint-disable-next-line to the line before.

Compiling...
Compiled with warnings.

src/App.js
  Line 31:13:  'user' is assigned a value but never used  no-unused-vars
  Line 34:25:  Expected '===' and instead saw '=='        eqeqeq
  Line 39:30:  Expected '===' and instead saw '=='        eqeqeq
  Line 49:16:  Expected '!==' and instead saw '!='        eqeqeq
  Line 49:28:  Expected '!==' and instead saw '!='        eqeqeq
  Line 62:15:  'time' is assigned a value but never used  no-unused-vars

Search for the keywords to learn more about each warning.
To ignore, add // eslint-disable-next-line to the line before.

Compiling...
Compiled with warnings.

src/App.js
  Line 31:13:  'user' is assigned a value but never used  no-unused-vars
  Line 34:25:  Expected '===' and instead saw '=='        eqeqeq
  Line 39:30:  Expected '===' and instead saw '=='        eqeqeq
  Line 49:16:  Expected '!==' and instead saw '!='        eqeqeq
  Line 49:28:  Expected '!==' and instead saw '!='        eqeqeq

Search for the keywords to learn more about each warning.
To ignore, add // eslint-disable-next-line to the line before.

Compiling...
Compiled with warnings.

src/App.js
  Line 31:13:  'user' is assigned a value but never used  no-unused-vars
  Line 34:25:  Expected '===' and instead saw '=='        eqeqeq
  Line 39:30:  Expected '===' and instead saw '=='        eqeqeq
  Line 49:16:  Expected '!==' and instead saw '!='        eqeqeq
  Line 49:28:  Expected '!==' and instead saw '!='        eqeqeq
  Line 61:15:  'data' is assigned a value but never used  no-unused-vars

Search for the keywords to learn more about each warning.
To ignore, add // eslint-disable-next-line to the line before.

Compiling...
Compiled with warnings.

src/App.js
  Line 31:13:  'user' is assigned a value but never used  no-unused-vars
  Line 34:25:  Expected '===' and instead saw '=='        eqeqeq
  Line 39:30:  Expected '===' and instead saw '=='        eqeqeq
  Line 49:16:  Expected '!==' and instead saw '!='        eqeqeq
  Line 49:28:  Expected '!==' and instead saw '!='        eqeqeq

Search for the keywords to learn more about each warning.
To ignore, add // eslint-disable-next-line to the line before.

Compiling...
Compiled with warnings.

src/App.js
  Line 31:13:  'user' is assigned a value but never used  no-unused-vars
  Line 34:25:  Expected '===' and instead saw '=='        eqeqeq
  Line 39:30:  Expected '===' and instead saw '=='        eqeqeq
  Line 49:16:  Expected '!==' and instead saw '!='        eqeqeq
  Line 49:28:  Expected '!==' and instead saw '!='        eqeqeq

Search for the keywords to learn more about each warning.
To ignore, add // eslint-disable-next-line to the line before.

Compiling...
Compiled with warnings.

src/App.js
  Line 31:13:  'user' is assigned a value but never used  no-unused-vars
  Line 34:25:  Expected '===' and instead saw '=='        eqeqeq
  Line 39:30:  Expected '===' and instead saw '=='        eqeqeq
  Line 49:16:  Expected '!==' and instead saw '!='        eqeqeq
  Line 49:28:  Expected '!==' and instead saw '!='        eqeqeq

Search for the keywords to learn more about each warning.
To ignore, add // eslint-disable-next-line to the line before.

Compiling...
Compiled with warnings.

src/App.js
  Line 31:13:  'user' is assigned a value but never used                         no-unused-vars
  Line 34:25:  Expected '===' and instead saw '=='                               eqeqeq
  Line 39:30:  Expected '===' and instead saw '=='                               eqeqeq
  Line 49:16:  Expected '!==' and instead saw '!='                               eqeqeq
  Line 49:28:  Expected '!==' and instead saw '!='                               eqeqeq
  Line 97:42:  Array.prototype.map() expects a return value from arrow function  array-callback-return

Search for the keywords to learn more about each warning.
To ignore, add // eslint-disable-next-line to the line before.

Compiling...
Compiled with warnings.

src/App.js
  Line 31:13:  'user' is assigned a value but never used                         no-unused-vars
  Line 34:25:  Expected '===' and instead saw '=='                               eqeqeq
  Line 39:30:  Expected '===' and instead saw '=='                               eqeqeq
  Line 49:16:  Expected '!==' and instead saw '!='                               eqeqeq
  Line 49:28:  Expected '!==' and instead saw '!='                               eqeqeq
  Line 97:42:  Array.prototype.map() expects a return value from arrow function  array-callback-return

Search for the keywords to learn more about each warning.
To ignore, add // eslint-disable-next-line to the line before.

Compiling...
Compiled with warnings.

src/App.js
  Line 31:13:   'user' is assigned a value but never used                         no-unused-vars
  Line 34:25:   Expected '===' and instead saw '=='                               eqeqeq
  Line 39:30:   Expected '===' and instead saw '=='                               eqeqeq
  Line 49:16:   Expected '!==' and instead saw '!='                               eqeqeq
  Line 49:28:   Expected '!==' and instead saw '!='                               eqeqeq
  Line 110:39:  Array.prototype.map() expects a return value from arrow function  array-callback-return

Search for the keywords to learn more about each warning.
To ignore, add // eslint-disable-next-line to the line before.

Compiling...
Compiled with warnings.

src/App.js
  Line 31:13:   'user' is assigned a value but never used                         no-unused-vars
  Line 34:25:   Expected '===' and instead saw '=='                               eqeqeq
  Line 39:30:   Expected '===' and instead saw '=='                               eqeqeq
  Line 49:16:   Expected '!==' and instead saw '!='                               eqeqeq
  Line 49:28:   Expected '!==' and instead saw '!='                               eqeqeq
  Line 110:39:  Array.prototype.map() expects a return value from arrow function  array-callback-return

Search for the keywords to learn more about each warning.
To ignore, add // eslint-disable-next-line to the line before.

Compiling...
Compiled with warnings.

src/App.js
  Line 31:13:   'user' is assigned a value but never used                         no-unused-vars
  Line 34:25:   Expected '===' and instead saw '=='                               eqeqeq
  Line 39:30:   Expected '===' and instead saw '=='                               eqeqeq
  Line 49:16:   Expected '!==' and instead saw '!='                               eqeqeq
  Line 49:28:   Expected '!==' and instead saw '!='                               eqeqeq
  Line 110:39:  Array.prototype.map() expects a return value from arrow function  array-callback-return

Search for the keywords to learn more about each warning.
To ignore, add // eslint-disable-next-line to the line before.

Compiling...
Compiled with warnings.

src/App.js
  Line 31:13:   'user' is assigned a value but never used                         no-unused-vars
  Line 34:25:   Expected '===' and instead saw '=='                               eqeqeq
  Line 39:30:   Expected '===' and instead saw '=='                               eqeqeq
  Line 49:16:   Expected '!==' and instead saw '!='                               eqeqeq
  Line 49:28:   Expected '!==' and instead saw '!='                               eqeqeq
  Line 111:39:  Array.prototype.map() expects a return value from arrow function  array-callback-return

Search for the keywords to learn more about each warning.
To ignore, add // eslint-disable-next-line to the line before.

Compiling...
Compiled with warnings.

src/App.js
  Line 31:13:   'user' is assigned a value but never used                         no-unused-vars
  Line 34:25:   Expected '===' and instead saw '=='                               eqeqeq
  Line 39:30:   Expected '===' and instead saw '=='                               eqeqeq
  Line 49:16:   Expected '!==' and instead saw '!='                               eqeqeq
  Line 49:28:   Expected '!==' and instead saw '!='                               eqeqeq
  Line 98:42:   Array.prototype.map() expects a return value from arrow function  array-callback-return
  Line 119:39:  Array.prototype.map() expects a return value from arrow function  array-callback-return

Search for the keywords to learn more about each warning.
To ignore, add // eslint-disable-next-line to the line before.

Compiling...
Compiled with warnings.

src/App.js
  Line 31:13:  'user' is assigned a value but never used                         no-unused-vars
  Line 34:25:  Expected '===' and instead saw '=='                               eqeqeq
  Line 39:30:  Expected '===' and instead saw '=='                               eqeqeq
  Line 49:16:  Expected '!==' and instead saw '!='                               eqeqeq
  Line 49:28:  Expected '!==' and instead saw '!='                               eqeqeq
  Line 98:42:  Array.prototype.map() expects a return value from arrow function  array-callback-return

Search for the keywords to learn more about each warning.
To ignore, add // eslint-disable-next-line to the line before.

Compiling...
Failed to compile.

src/App.js
Syntax error: Unexpected token, expected "..." (98:14)

   96 |             ///>
   97 |
>  98 |             {this.state.history.map( (x) => {
      |              ^
   99 |
  100 |               <Marker
  101 |               key = {1}
Compiling...
Compiled with warnings.

src/App.js
  Line 31:13:  'user' is assigned a value but never used                         no-unused-vars
  Line 34:25:  Expected '===' and instead saw '=='                               eqeqeq
  Line 39:30:  Expected '===' and instead saw '=='                               eqeqeq
  Line 49:16:  Expected '!==' and instead saw '!='                               eqeqeq
  Line 49:28:  Expected '!==' and instead saw '!='                               eqeqeq
  Line 90:42:  Array.prototype.map() expects a return value from arrow function  array-callback-return

Search for the keywords to learn more about each warning.
To ignore, add // eslint-disable-next-line to the line before.

Compiling...
Compiled with warnings.

src/App.js
  Line 31:13:  'user' is assigned a value but never used                         no-unused-vars
  Line 34:25:  Expected '===' and instead saw '=='                               eqeqeq
  Line 39:30:  Expected '===' and instead saw '=='                               eqeqeq
  Line 49:16:  Expected '!==' and instead saw '!='                               eqeqeq
  Line 49:28:  Expected '!==' and instead saw '!='                               eqeqeq
  Line 90:42:  Array.prototype.map() expects a return value from arrow function  array-callback-return

Search for the keywords to learn more about each warning.
To ignore, add // eslint-disable-next-line to the line before.

Compiling...
Compiled with warnings.

src/App.js
  Line 31:13:   'user' is assigned a value but never used                         no-unused-vars
  Line 34:25:   Expected '===' and instead saw '=='                               eqeqeq
  Line 39:30:   Expected '===' and instead saw '=='                               eqeqeq
  Line 49:16:   Expected '!==' and instead saw '!='                               eqeqeq
  Line 49:28:   Expected '!==' and instead saw '!='                               eqeqeq
  Line 114:39:  Array.prototype.map() expects a return value from arrow function  array-callback-return

Search for the keywords to learn more about each warning.
To ignore, add // eslint-disable-next-line to the line before.

Compiling...
Compiled with warnings.

src/App.js
  Line 31:13:   'user' is assigned a value but never used                         no-unused-vars
  Line 34:25:   Expected '===' and instead saw '=='                               eqeqeq
  Line 39:30:   Expected '===' and instead saw '=='                               eqeqeq
  Line 49:16:   Expected '!==' and instead saw '!='                               eqeqeq
  Line 49:28:   Expected '!==' and instead saw '!='                               eqeqeq
  Line 114:39:  Array.prototype.map() expects a return value from arrow function  array-callback-return

Search for the keywords to learn more about each warning.
To ignore, add // eslint-disable-next-line to the line before.

Compiling...
Compiled with warnings.

src/App.js
  Line 31:13:   'user' is assigned a value but never used                         no-unused-vars
  Line 34:25:   Expected '===' and instead saw '=='                               eqeqeq
  Line 39:30:   Expected '===' and instead saw '=='                               eqeqeq
  Line 49:16:   Expected '!==' and instead saw '!='                               eqeqeq
  Line 49:28:   Expected '!==' and instead saw '!='                               eqeqeq
  Line 114:39:  Array.prototype.map() expects a return value from arrow function  array-callback-return

Search for the keywords to learn more about each warning.
To ignore, add // eslint-disable-next-line to the line before.

Compiling...
Compiled with warnings.

src/App.js
  Line 30:13:   'info' is assigned a value but never used                         no-unused-vars
  Line 31:13:   'user' is assigned a value but never used                         no-unused-vars
  Line 34:25:   Expected '===' and instead saw '=='                               eqeqeq
  Line 39:30:   Expected '===' and instead saw '=='                               eqeqeq
  Line 49:16:   Expected '!==' and instead saw '!='                               eqeqeq
  Line 49:28:   Expected '!==' and instead saw '!='                               eqeqeq
  Line 61:15:   'time' is assigned a value but never used                         no-unused-vars
  Line 115:39:  Array.prototype.map() expects a return value from arrow function  array-callback-return

Search for the keywords to learn more about each warning.
To ignore, add // eslint-disable-next-line to the line before.

Compiling...
Compiled with warnings.

src/App.js
  Line 30:13:   'info' is assigned a value but never used                         no-unused-vars
  Line 31:13:   'user' is assigned a value but never used                         no-unused-vars
  Line 34:25:   Expected '===' and instead saw '=='                               eqeqeq
  Line 39:30:   Expected '===' and instead saw '=='                               eqeqeq
  Line 49:16:   Expected '!==' and instead saw '!='                               eqeqeq
  Line 49:28:   Expected '!==' and instead saw '!='                               eqeqeq
  Line 61:15:   'time' is assigned a value but never used                         no-unused-vars
  Line 115:39:  Array.prototype.map() expects a return value from arrow function  array-callback-return

Search for the keywords to learn more about each warning.
To ignore, add // eslint-disable-next-line to the line before.

Compiling...
Compiled with warnings.

src/App.js
  Line 30:13:   'info' is assigned a value but never used                         no-unused-vars
  Line 31:13:   'user' is assigned a value but never used                         no-unused-vars
  Line 34:25:   Expected '===' and instead saw '=='                               eqeqeq
  Line 39:30:   Expected '===' and instead saw '=='                               eqeqeq
  Line 49:16:   Expected '!==' and instead saw '!='                               eqeqeq
  Line 49:28:   Expected '!==' and instead saw '!='                               eqeqeq
  Line 61:15:   'time' is assigned a value but never used                         no-unused-vars
  Line 115:39:  Array.prototype.map() expects a return value from arrow function  array-callback-return

Search for the keywords to learn more about each warning.
To ignore, add // eslint-disable-next-line to the line before.

Compiling...
Compiled with warnings.

src/App.js
  Line 30:13:   'info' is assigned a value but never used                         no-unused-vars
  Line 31:13:   'user' is assigned a value but never used                         no-unused-vars
  Line 34:25:   Expected '===' and instead saw '=='                               eqeqeq
  Line 39:30:   Expected '===' and instead saw '=='                               eqeqeq
  Line 49:16:   Expected '!==' and instead saw '!='                               eqeqeq
  Line 49:28:   Expected '!==' and instead saw '!='                               eqeqeq
  Line 61:15:   'time' is assigned a value but never used                         no-unused-vars
  Line 115:39:  Array.prototype.map() expects a return value from arrow function  array-callback-return

Search for the keywords to learn more about each warning.
To ignore, add // eslint-disable-next-line to the line before.

Compiling...
Compiled with warnings.

src/App.js
  Line 30:13:   'info' is assigned a value but never used                         no-unused-vars
  Line 31:13:   'user' is assigned a value but never used                         no-unused-vars
  Line 34:25:   Expected '===' and instead saw '=='                               eqeqeq
  Line 39:30:   Expected '===' and instead saw '=='                               eqeqeq
  Line 49:16:   Expected '!==' and instead saw '!='                               eqeqeq
  Line 49:28:   Expected '!==' and instead saw '!='                               eqeqeq
  Line 61:15:   'time' is assigned a value but never used                         no-unused-vars
  Line 115:39:  Array.prototype.map() expects a return value from arrow function  array-callback-return

Search for the keywords to learn more about each warning.
To ignore, add // eslint-disable-next-line to the line before.

Compiling...
Compiled with warnings.

src/App.js
  Line 31:13:  'user' is assigned a value but never used  no-unused-vars
  Line 34:25:  Expected '===' and instead saw '=='        eqeqeq
  Line 39:30:  Expected '===' and instead saw '=='        eqeqeq
  Line 49:16:  Expected '!==' and instead saw '!='        eqeqeq
  Line 49:28:  Expected '!==' and instead saw '!='        eqeqeq

Search for the keywords to learn more about each warning.
To ignore, add // eslint-disable-next-line to the line before.

Compiling...
Compiled with warnings.

src/App.js
  Line 31:13:  'user' is assigned a value but never used  no-unused-vars
  Line 34:25:  Expected '===' and instead saw '=='        eqeqeq
  Line 39:30:  Expected '===' and instead saw '=='        eqeqeq
  Line 49:16:  Expected '!==' and instead saw '!='        eqeqeq
  Line 49:28:  Expected '!==' and instead saw '!='        eqeqeq

Search for the keywords to learn more about each warning.
To ignore, add // eslint-disable-next-line to the line before.

Compiling...
Compiled with warnings.

src/App.js
  Line 30:13:  'info' is assigned a value but never used  no-unused-vars
  Line 31:13:  'user' is assigned a value but never used  no-unused-vars
  Line 34:25:  Expected '===' and instead saw '=='        eqeqeq
  Line 39:30:  Expected '===' and instead saw '=='        eqeqeq
  Line 49:16:  Expected '!==' and instead saw '!='        eqeqeq
  Line 49:28:  Expected '!==' and instead saw '!='        eqeqeq

Search for the keywords to learn more about each warning.
To ignore, add // eslint-disable-next-line to the line before.

Compiling...
Compiled with warnings.

src/App.js
  Line 30:13:  'info' is assigned a value but never used  no-unused-vars
  Line 31:13:  'user' is assigned a value but never used  no-unused-vars
  Line 34:25:  Expected '===' and instead saw '=='        eqeqeq
  Line 39:30:  Expected '===' and instead saw '=='        eqeqeq
  Line 49:16:  Expected '!==' and instead saw '!='        eqeqeq
  Line 49:28:  Expected '!==' and instead saw '!='        eqeqeq

Search for the keywords to learn more about each warning.
To ignore, add // eslint-disable-next-line to the line before.

Compiling...
Compiled with warnings.

src/App.js
  Line 30:13:  'info' is assigned a value but never used  no-unused-vars
  Line 31:13:  'user' is assigned a value but never used  no-unused-vars
  Line 34:25:  Expected '===' and instead saw '=='        eqeqeq
  Line 39:30:  Expected '===' and instead saw '=='        eqeqeq
  Line 49:16:  Expected '!==' and instead saw '!='        eqeqeq
  Line 49:28:  Expected '!==' and instead saw '!='        eqeqeq

Search for the keywords to learn more about each warning.
To ignore, add // eslint-disable-next-line to the line before.

Compiling...
Compiled with warnings.

src/App.js
  Line 30:13:  'info' is assigned a value but never used  no-unused-vars
  Line 31:13:  'user' is assigned a value but never used  no-unused-vars
  Line 34:25:  Expected '===' and instead saw '=='        eqeqeq
  Line 39:30:  Expected '===' and instead saw '=='        eqeqeq
  Line 49:16:  Expected '!==' and instead saw '!='        eqeqeq
  Line 49:28:  Expected '!==' and instead saw '!='        eqeqeq

Search for the keywords to learn more about each warning.
To ignore, add // eslint-disable-next-line to the line before.

Compiling...
Compiled with warnings.

src/App.js
  Line 31:13:  'user' is assigned a value but never used  no-unused-vars
  Line 34:25:  Expected '===' and instead saw '=='        eqeqeq
  Line 39:30:  Expected '===' and instead saw '=='        eqeqeq
  Line 49:16:  Expected '!==' and instead saw '!='        eqeqeq
  Line 49:28:  Expected '!==' and instead saw '!='        eqeqeq

Search for the keywords to learn more about each warning.
To ignore, add // eslint-disable-next-line to the line before.

Compiling...
Compiled with warnings.

src/App.js
  Line 31:13:  'user' is assigned a value but never used  no-unused-vars
  Line 34:25:  Expected '===' and instead saw '=='        eqeqeq
  Line 39:30:  Expected '===' and instead saw '=='        eqeqeq
  Line 49:16:  Expected '!==' and instead saw '!='        eqeqeq
  Line 49:28:  Expected '!==' and instead saw '!='        eqeqeq

Search for the keywords to learn more about each warning.
To ignore, add // eslint-disable-next-line to the line before.

Compiling...
Compiled with warnings.

src/App.js
  Line 31:13:  'user' is assigned a value but never used  no-unused-vars
  Line 34:25:  Expected '===' and instead saw '=='        eqeqeq
  Line 39:30:  Expected '===' and instead saw '=='        eqeqeq
  Line 49:16:  Expected '!==' and instead saw '!='        eqeqeq
  Line 49:28:  Expected '!==' and instead saw '!='        eqeqeq

Search for the keywords to learn more about each warning.
To ignore, add // eslint-disable-next-line to the line before.

Compiling...
Compiled with warnings.

src/App.js
  Line 31:13:  'user' is assigned a value but never used  no-unused-vars
  Line 34:25:  Expected '===' and instead saw '=='        eqeqeq
  Line 39:30:  Expected '===' and instead saw '=='        eqeqeq
  Line 49:16:  Expected '!==' and instead saw '!='        eqeqeq
  Line 49:28:  Expected '!==' and instead saw '!='        eqeqeq

Search for the keywords to learn more about each warning.
To ignore, add // eslint-disable-next-line to the line before.

Compiling...
Compiled with warnings.

src/App.js
  Line 31:13:  'user' is assigned a value but never used  no-unused-vars
  Line 34:25:  Expected '===' and instead saw '=='        eqeqeq
  Line 39:30:  Expected '===' and instead saw '=='        eqeqeq
  Line 49:16:  Expected '!==' and instead saw '!='        eqeqeq
  Line 49:28:  Expected '!==' and instead saw '!='        eqeqeq

Search for the keywords to learn more about each warning.
To ignore, add // eslint-disable-next-line to the line before.

Compiling...
Compiled with warnings.

src/App.js
  Line 31:13:  'user' is assigned a value but never used  no-unused-vars
  Line 34:25:  Expected '===' and instead saw '=='        eqeqeq
  Line 39:30:  Expected '===' and instead saw '=='        eqeqeq
  Line 49:16:  Expected '!==' and instead saw '!='        eqeqeq
  Line 49:28:  Expected '!==' and instead saw '!='        eqeqeq

Search for the keywords to learn more about each warning.
To ignore, add // eslint-disable-next-line to the line before.

Compiling...
Compiled with warnings.

src/App.js
  Line 31:13:  'user' is assigned a value but never used  no-unused-vars
  Line 34:25:  Expected '===' and instead saw '=='        eqeqeq
  Line 39:30:  Expected '===' and instead saw '=='        eqeqeq
  Line 49:16:  Expected '!==' and instead saw '!='        eqeqeq
  Line 49:28:  Expected '!==' and instead saw '!='        eqeqeq

Search for the keywords to learn more about each warning.
To ignore, add // eslint-disable-next-line to the line before.

Compiling...
Compiled with warnings.

src/App.js
  Line 31:13:  'user' is assigned a value but never used  no-unused-vars
  Line 34:25:  Expected '===' and instead saw '=='        eqeqeq
  Line 39:30:  Expected '===' and instead saw '=='        eqeqeq
  Line 49:16:  Expected '!==' and instead saw '!='        eqeqeq
  Line 49:28:  Expected '!==' and instead saw '!='        eqeqeq

Search for the keywords to learn more about each warning.
To ignore, add // eslint-disable-next-line to the line before.

